[Message:   BepInEx] BepInEx 5.4.22.0 - Lethal Company (25/11/2023 0:02:02)
[Info   :   BepInEx] Running under Unity v2022.3.9.15351836
[Info   :   BepInEx] CLR runtime version: 4.0.30319.42000
[Info   :   BepInEx] Supports SRE: True
[Info   :   BepInEx] System platform: Bits64, Windows
[Message:   BepInEx] Preloader started
[Info   :   BepInEx] Loaded 1 patcher method from [BepInEx.Preloader 5.4.22.0]
[Info   :   BepInEx] 1 patcher plugin loaded
[Info   :   BepInEx] Patching [UnityEngine.CoreModule] with [BepInEx.Chainloader]
[Message:   BepInEx] Preloader finished
[Message:   BepInEx] Chainloader ready
[Message:   BepInEx] Chainloader started
[Info   :   BepInEx] 7 plugins to load
[Info   :   BepInEx] Loading [BiggerLobby 2.2.5]
[Info   :BiggerLobby] BiggerLobby loaded
[Info   :   BepInEx] Loading [Boombox No Power 1.0.0.0]
[Info   :BoomBox.BoomBoxNoPower] Boombox No Power has awoken
[Info   :   BepInEx] Loading [RecordingCamera 1.2.0]
[Info   :   BepInEx] Loading [Custom Boombox Music 1.3.1]
[Info   :Custom Boombox Music] Loading...
[Info   :Custom Boombox Music] Initializing config...
[Info   :Custom Boombox Music] Config initialized!
[Info   :Custom Boombox Music] Loading Complete!
[Info   :   BepInEx] Loading [ObjectVolumeController 1.0.3]
[Info   :ObjectVolumeController] ObjectVolumeController loaded
[Info   :   BepInEx] Loading [LC_API 1.0.0]
[Warning:    LC_API] 
.____    _________           _____  __________ .___  
|    |   \_   ___ \         /  _  \ \______   \|   | 
|    |   /    \  \/        /  /_\  \ |     ___/|   | 
|    |___\     \____      /    |    \|    |    |   | 
|_______ \\______  /______\____|__  /|____|    |___| 
        \/       \//_____/        \/                 
                                                     
[Info   :    LC_API] LC_API Starting up..
[Info   :   BepInEx] Loading [More Suits 1.3.1]
[Info   :More Suits] Plugin More Suits is loaded!
[Message:   BepInEx] Chainloader startup complete
[Message:    LC_API] A plugin has set your game to only allow you to play with other people who have mods!
[Message:    LC_API] BundleAPI will now load all asset bundles...
[Message:    LC_API] BundleAPI got no assets to load from legacy directory
[Message:    LC_API] BundleAPI got 7 AssetBundles to load!
[Error  :    LC_API] Failed to load an assetbundle! Path: D:\SteamLibrary\steamapps\common\Lethal Company\BepInEx\plugins\moresuits\!more-suits.txt
[Error  :    LC_API] Failed to load an assetbundle! Path: D:\SteamLibrary\steamapps\common\Lethal Company\BepInEx\plugins\.vs\ProjectEvaluation\customboomboxtracks.metadata.v7.bin
[Error  :    LC_API] Failed to load an assetbundle! Path: D:\SteamLibrary\steamapps\common\Lethal Company\BepInEx\plugins\.vs\ProjectEvaluation\customboomboxtracks.projects.v7.bin
[Error  :    LC_API] Failed to load an assetbundle! Path: D:\SteamLibrary\steamapps\common\Lethal Company\BepInEx\plugins\.vs\CustomBoomboxTracks\DesignTimeBuild\.dtbcache.v2
[Error  :    LC_API] Failed to load an assetbundle! Path: D:\SteamLibrary\steamapps\common\Lethal Company\BepInEx\plugins\.vs\CustomBoomboxTracks\FileContentIndex\42de3add-9a82-4caf-aaaa-d40a687a93d9.vsidx
[Error  :    LC_API] Failed to load an assetbundle! Path: D:\SteamLibrary\steamapps\common\Lethal Company\BepInEx\plugins\.vs\CustomBoomboxTracks\v17\.futdcache.v2
[Error  :    LC_API] Failed to load an assetbundle! Path: D:\SteamLibrary\steamapps\common\Lethal Company\BepInEx\plugins\.vs\CustomBoomboxTracks\v17\.suo
[Message:    LC_API] BundleAPI finished loading all assets.
[Info   :    LC_API] LC_API Started!
[Message:    LC_API] server pre-setup success
[Info   :Custom Boombox Music] Preparing to load AudioClips...
[Info   :Custom Boombox Music] Loading D:\SteamLibrary\steamapps\common\Lethal Company\BepInEx\Custom Songs\Boombox Music\Momento wtf.mp3!
[Info   :Custom Boombox Music] Loading D:\SteamLibrary\steamapps\common\Lethal Company\BepInEx\Custom Songs\Boombox Music\Never Gonna Give You Up.mp3!
[Info   :Custom Boombox Music] Loading D:\SteamLibrary\steamapps\common\Lethal Company\BepInEx\Custom Songs\Boombox Music\Titanic flaura.mp3!
[Info   :Custom Boombox Music] Loading D:\SteamLibrary\steamapps\common\Lethal Company\BepInEx\Custom Songs\Boombox Music\x2mate.com - Cancion viral de TikTok_  Perro salchicha gordo Bachicha  _ Animación (128 kbps).mp3!
[Info   :Custom Boombox Music] Loading D:\SteamLibrary\steamapps\common\Lethal Company\BepInEx\Custom Songs\Boombox Music\x2mate.com - Carte Blanq & Maxx Power - 33 Max Verstappen (Official Audio) (128 kbps).mp3!
[Info   :Custom Boombox Music] Loading D:\SteamLibrary\steamapps\common\Lethal Company\BepInEx\Custom Songs\Boombox Music\x2mate.com - elrubiusOMG - Minero ft. StarkinDJ _ Lyrics_Letra (128 kbps).mp3!
[Info   :Custom Boombox Music] Loading D:\SteamLibrary\steamapps\common\Lethal Company\BepInEx\Custom Songs\Boombox Music\x2mate.com - Ganon Rosario - Dale, Zelda, Dale (Tema Oficial) (128 kbps).mp3!
[Info   :Custom Boombox Music] Loading D:\SteamLibrary\steamapps\common\Lethal Company\BepInEx\Custom Songs\Boombox Music\x2mate.com - Himno de la URSS (Гимн Советского Союза). Traducción al español. (128 kbps).mp3!
[Info   :Custom Boombox Music] Loading D:\SteamLibrary\steamapps\common\Lethal Company\BepInEx\Custom Songs\Boombox Music\x2mate.com - Himno español con letra (128 kbps).mp3!
[Info   :Custom Boombox Music] Loading D:\SteamLibrary\steamapps\common\Lethal Company\BepInEx\Custom Songs\Boombox Music\x2mate.com - Lil Globglogabgalab (128 kbps).mp3!
[Info   :Custom Boombox Music] Loading D:\SteamLibrary\steamapps\common\Lethal Company\BepInEx\Custom Songs\Boombox Music\x2mate.com - Niño Brasileño cantando Pou Version Completa 🐸 (128 kbps).mp3!
[Info   :Custom Boombox Music] Loading D:\SteamLibrary\steamapps\common\Lethal Company\BepInEx\Custom Songs\Boombox Music\x2mate.com - Remix Xokas - Hijos de P (MSG with Xokas) (128 kbps).mp3!
[Info   :Custom Boombox Music] Loading D:\SteamLibrary\steamapps\common\Lethal Company\BepInEx\Custom Songs\Boombox Music\x2mate.com - Undertale - Megalovania (128 kbps).mp3!
[Info   :Custom Boombox Music] Loading D:\SteamLibrary\steamapps\common\Lethal Company\BepInEx\Custom Songs\Boombox Music\x2mate.com - Wii Music - Gaming Background Music (HD) (128 kbps).mp3!
[Info   :Custom Boombox Music] Loading D:\SteamLibrary\steamapps\common\Lethal Company\BepInEx\Custom Songs\Boombox Music\x2mate.com - Yo tengo un moco💗 (128 kbps).mp3!
[Info   :ObjectVolumeController] Boombox volume: 0,754
[Info   :Custom Boombox Music] Loaded D:\SteamLibrary\steamapps\common\Lethal Company\BepInEx\Custom Songs\Boombox Music\Momento wtf.mp3
[Info   :Custom Boombox Music] Loaded D:\SteamLibrary\steamapps\common\Lethal Company\BepInEx\Custom Songs\Boombox Music\Never Gonna Give You Up.mp3
[Info   :Custom Boombox Music] Loaded D:\SteamLibrary\steamapps\common\Lethal Company\BepInEx\Custom Songs\Boombox Music\Titanic flaura.mp3
[Info   :Custom Boombox Music] Loaded D:\SteamLibrary\steamapps\common\Lethal Company\BepInEx\Custom Songs\Boombox Music\x2mate.com - Cancion viral de TikTok_  Perro salchicha gordo Bachicha  _ Animación (128 kbps).mp3
[Info   :Custom Boombox Music] Loaded D:\SteamLibrary\steamapps\common\Lethal Company\BepInEx\Custom Songs\Boombox Music\x2mate.com - Carte Blanq & Maxx Power - 33 Max Verstappen (Official Audio) (128 kbps).mp3
[Info   :Custom Boombox Music] Loaded D:\SteamLibrary\steamapps\common\Lethal Company\BepInEx\Custom Songs\Boombox Music\x2mate.com - elrubiusOMG - Minero ft. StarkinDJ _ Lyrics_Letra (128 kbps).mp3
[Info   :Custom Boombox Music] Loaded D:\SteamLibrary\steamapps\common\Lethal Company\BepInEx\Custom Songs\Boombox Music\x2mate.com - Ganon Rosario - Dale, Zelda, Dale (Tema Oficial) (128 kbps).mp3
[Info   :Custom Boombox Music] Loaded D:\SteamLibrary\steamapps\common\Lethal Company\BepInEx\Custom Songs\Boombox Music\x2mate.com - Himno de la URSS (Гимн Советского Союза). Traducción al español. (128 kbps).mp3
[Info   :Custom Boombox Music] Loaded D:\SteamLibrary\steamapps\common\Lethal Company\BepInEx\Custom Songs\Boombox Music\x2mate.com - Himno español con letra (128 kbps).mp3
[Info   :Custom Boombox Music] Loaded D:\SteamLibrary\steamapps\common\Lethal Company\BepInEx\Custom Songs\Boombox Music\x2mate.com - Lil Globglogabgalab (128 kbps).mp3
[Info   :Custom Boombox Music] Loaded D:\SteamLibrary\steamapps\common\Lethal Company\BepInEx\Custom Songs\Boombox Music\x2mate.com - Niño Brasileño cantando Pou Version Completa 🐸 (128 kbps).mp3
[Info   :Custom Boombox Music] Loaded D:\SteamLibrary\steamapps\common\Lethal Company\BepInEx\Custom Songs\Boombox Music\x2mate.com - Remix Xokas - Hijos de P (MSG with Xokas) (128 kbps).mp3
[Info   :Custom Boombox Music] Loaded D:\SteamLibrary\steamapps\common\Lethal Company\BepInEx\Custom Songs\Boombox Music\x2mate.com - Undertale - Megalovania (128 kbps).mp3
[Info   :Custom Boombox Music] Loaded D:\SteamLibrary\steamapps\common\Lethal Company\BepInEx\Custom Songs\Boombox Music\x2mate.com - Wii Music - Gaming Background Music (HD) (128 kbps).mp3
[Info   :Custom Boombox Music] Loaded D:\SteamLibrary\steamapps\common\Lethal Company\BepInEx\Custom Songs\Boombox Music\x2mate.com - Yo tengo un moco💗 (128 kbps).mp3
[Info   :Custom Boombox Music] Applying clips!
[Info   :Custom Boombox Music] Total Clip Count: 15
[Warning:    LC_API] Asking all other players for their mod list..
